<?xml version="1.0" encoding="UTF-8"?>
<testng-results ignored="0" total="1" passed="1" failed="0" skipped="0">
  <reporter-output>
  </reporter-output>
  <suite started-at="2022-01-03T14:58:05 EST" name="Functionaltestingsuite" finished-at="2022-01-03T14:58:17 EST" duration-ms="12516">
    <groups>
    </groups>
    <test started-at="2022-01-03T14:58:05 EST" name="Regressiontestingchrome" finished-at="2022-01-03T14:58:17 EST" duration-ms="12450">
      <class name="Meineke.SeleniumTraining.Property">
        <test-method is-config="true" signature="Browsers(java.lang.String,java.lang.String)[pri:0, instance:Meineke.SeleniumTraining.Property@4da4253]" started-at="2022-01-03T14:58:05 EST" name="Browsers" finished-at="2022-01-03T14:58:10 EST" duration-ms="5225" status="PASS">
          <params>
            <param index="0">
              <value>
                <![CDATA[chrome]]>
              </value>
            </param>
            <param index="1">
              <value>
                <![CDATA[https://www.facebook.com]]>
              </value>
            </param>
          </params>
          <reporter-output>
          </reporter-output>
        </test-method> <!-- Browsers -->
        <test-method signature="f()[pri:0, instance:Meineke.SeleniumTraining.Property@4da4253]" started-at="2022-01-03T14:58:10 EST" name="f" finished-at="2022-01-03T14:58:10 EST" duration-ms="33" status="PASS">
          <reporter-output>
          </reporter-output>
        </test-method> <!-- f -->
        <test-method is-config="true" signature="afterMethod()[pri:0, instance:Meineke.SeleniumTraining.Property@4da4253]" started-at="2022-01-03T14:58:10 EST" name="afterMethod" finished-at="2022-01-03T14:58:17 EST" duration-ms="7166" status="PASS">
          <reporter-output>
          </reporter-output>
        </test-method> <!-- afterMethod -->
      </class> <!-- Meineke.SeleniumTraining.Property -->
    </test> <!-- Regressiontestingchrome -->
    <test started-at="2022-01-03T14:58:17 EST" name="Regressiontestingedge" finished-at="2022-01-03T14:58:17 EST" duration-ms="1">
    </test> <!-- Regressiontestingedge -->
  </suite> <!-- Functionaltestingsuite -->
</testng-results>
